<?xml version="1.0" encoding="UTF-8"?>
<testsuite name="dev.merge.api.client.TestCIHRIS" tests="2" skipped="0" failures="0" errors="0" timestamp="2023-05-18T15:13:33" hostname="Lees-MBP.local.meter" time="2.79">
  <properties/>
  <testcase name="testListEmployees()" classname="dev.merge.api.client.TestCIHRIS" time="1.545"/>
  <testcase name="testListEmployeesExpand()" classname="dev.merge.api.client.TestCIHRIS" time="1.244"/>
  <system-out><![CDATA[]]></system-out>
  <system-err><![CDATA[]]></system-err>
</testsuite>
